d:\workspace\simu\qtruncontrol\qtruncontrol\x64\debug\qtruncontrol.obj
d:\workspace\simu\qtruncontrol\qtruncontrol\x64\debug\main.obj
d:\workspace\simu\qtruncontrol\qtruncontrol\x64\debug\qrc_qtruncontrol.obj
d:\workspace\simu\qtruncontrol\qtruncontrol\x64\debug\moc_qtruncontrol.obj
d:\workspace\simu\qtruncontrol\qtruncontrol\x64\debug\vc141.pdb
d:\workspace\simu\qtruncontrol\x64\debug\qtruncontrol.exe
d:\workspace\simu\qtruncontrol\x64\debug\qtruncontrol.ilk
d:\workspace\simu\qtruncontrol\x64\debug\qtruncontrol.pdb
d:\workspace\simu\qtruncontrol\qtruncontrol\.\generatedfiles\debug\moc_qtruncontrol.cpp
d:\workspace\simu\qtruncontrol\qtruncontrol\.\generatedfiles\qrc_qtruncontrol.cpp
d:\workspace\simu\qtruncontrol\qtruncontrol\generatedfiles\debug\moc_qtruncontrol.cpp
d:\workspace\simu\qtruncontrol\qtruncontrol\generatedfiles\qrc_qtruncontrol.cpp
d:\workspace\simu\qtruncontrol\qtruncontrol\generatedfiles\ui_qtruncontrol.h
d:\workspace\simu\qtruncontrol\qtruncontrol\.\generatedfiles\ui_qtruncontrol.h
d:\workspace\simu\qtruncontrol\qtruncontrol\x64\debug\qtruncontrol.res
d:\workspace\simu\qtruncontrol\qtruncontrol\x64\debug\qtruncontrol.tlog\cl.command.1.tlog
d:\workspace\simu\qtruncontrol\qtruncontrol\x64\debug\qtruncontrol.tlog\cl.read.1.tlog
d:\workspace\simu\qtruncontrol\qtruncontrol\x64\debug\qtruncontrol.tlog\cl.write.1.tlog
d:\workspace\simu\qtruncontrol\qtruncontrol\x64\debug\qtruncontrol.tlog\link.command.1.tlog
d:\workspace\simu\qtruncontrol\qtruncontrol\x64\debug\qtruncontrol.tlog\link.read.1.tlog
d:\workspace\simu\qtruncontrol\qtruncontrol\x64\debug\qtruncontrol.tlog\link.write.1.tlog
d:\workspace\simu\qtruncontrol\qtruncontrol\x64\debug\qtruncontrol.tlog\qtmoc.read.1u.tlog
d:\workspace\simu\qtruncontrol\qtruncontrol\x64\debug\qtruncontrol.tlog\qtmoc.write.1u.tlog
d:\workspace\simu\qtruncontrol\qtruncontrol\x64\debug\qtruncontrol.tlog\qtrcc.read.1u.tlog
d:\workspace\simu\qtruncontrol\qtruncontrol\x64\debug\qtruncontrol.tlog\qtrcc.write.1u.tlog
d:\workspace\simu\qtruncontrol\qtruncontrol\x64\debug\qtruncontrol.tlog\qtruncontrol.write.1u.tlog
d:\workspace\simu\qtruncontrol\qtruncontrol\x64\debug\qtruncontrol.tlog\qtuic.read.1u.tlog
d:\workspace\simu\qtruncontrol\qtruncontrol\x64\debug\qtruncontrol.tlog\qtuic.write.1u.tlog
d:\workspace\simu\qtruncontrol\qtruncontrol\x64\debug\qtruncontrol.tlog\rc.command.1.tlog
d:\workspace\simu\qtruncontrol\qtruncontrol\x64\debug\qtruncontrol.tlog\rc.read.1.tlog
d:\workspace\simu\qtruncontrol\qtruncontrol\x64\debug\qtruncontrol.tlog\rc.write.1.tlog
